<?xml version="1.0" encoding="UTF-8"?>
<!-- Generated by org.testng.reporters.JUnitReportReporter -->
<testsuite hostname="reddy" failures="0" tests="1" name="testng_example3.A" time="17.755" errors="0" timestamp="2022-05-14T19:00:24 IST" skipped="0">
  <testcase classname="testng_example3.A" name="test1" time="17.755"/>
  <system-out/>
</testsuite> <!-- testng_example3.A -->
