<?xml version="1.0" encoding="UTF-8"?>
<!-- Generated by org.testng.reporters.JUnitReportReporter -->
<testsuite hostname="reddy" failures="0" tests="1" name="testng_example3.C" time="24.759" errors="0" timestamp="2022-05-14T19:00:24 IST" skipped="0">
  <testcase classname="testng_example3.C" name="test3" time="24.759"/>
  <system-out/>
</testsuite> <!-- testng_example3.C -->
